build/intermediates/manifest_merge_blame_file/release/manifest-merger-blame-release-report.txt
1<?xml version="1.0" encoding="utf-8"?>
2<manifest xmlns:android="http://schemas.android.com/apk/res/android"
3    package="com.ringlerr.callplus"
4    android:versionCode="1"
5    android:versionName="1.0" >
6
7    <uses-sdk
8        android:minSdkVersion="21"
8-->src/main/AndroidManifest.xml
9        android:targetSdkVersion="30" />
9-->src/main/AndroidManifest.xml
10
11    <uses-permission android:name="android.permission.CALL_PHONE" />
11-->src/main/AndroidManifest.xml:5:5-69
11-->src/main/AndroidManifest.xml:5:22-66
12    <uses-permission android:name="android.permission.INTERNET" />
12-->src/main/AndroidManifest.xml:6:5-67
12-->src/main/AndroidManifest.xml:6:22-64
13    <uses-permission android:name="android.permission.USE_FULL_SCREEN_INTENT" />
13-->src/main/AndroidManifest.xml:7:5-81
13-->src/main/AndroidManifest.xml:7:22-78
14
15    <application>
15-->src/main/AndroidManifest.xml:9:5-108:19
16        <activity
16-->src/main/AndroidManifest.xml:10:9-16:65
17            android:name="com.ringlerr.callplus.InstaActivity"
17-->src/main/AndroidManifest.xml:11:13-42
18            android:allowEmbedded="true"
18-->src/main/AndroidManifest.xml:12:13-41
19            android:documentLaunchMode="always"
19-->src/main/AndroidManifest.xml:13:13-48
20            android:excludeFromRecents="true"
20-->src/main/AndroidManifest.xml:14:13-46
21            android:resizeableActivity="true"
21-->src/main/AndroidManifest.xml:15:13-46
22            android:theme="@style/Theme.Transparent" />
22-->src/main/AndroidManifest.xml:16:13-53
23        <activity
23-->src/main/AndroidManifest.xml:17:9-23:56
24            android:name="com.ringlerr.callplus.NewDialogActivity"
24-->src/main/AndroidManifest.xml:18:13-46
25            android:allowEmbedded="true"
25-->src/main/AndroidManifest.xml:19:13-41
26            android:documentLaunchMode="always"
26-->src/main/AndroidManifest.xml:20:13-48
27            android:excludeFromRecents="true"
27-->src/main/AndroidManifest.xml:21:13-46
28            android:resizeableActivity="true"
28-->src/main/AndroidManifest.xml:22:13-46
29            android:theme="@style/Theme.Transparent" />
29-->src/main/AndroidManifest.xml:23:13-53
30        <activity
30-->src/main/AndroidManifest.xml:24:9-30:56
31            android:name="com.ringlerr.callplus.CusADialogActivity"
31-->src/main/AndroidManifest.xml:25:13-47
32            android:allowEmbedded="true"
32-->src/main/AndroidManifest.xml:26:13-41
33            android:documentLaunchMode="always"
33-->src/main/AndroidManifest.xml:27:13-48
34            android:excludeFromRecents="true"
34-->src/main/AndroidManifest.xml:28:13-46
35            android:resizeableActivity="true"
35-->src/main/AndroidManifest.xml:29:13-46
36            android:theme="@style/Theme.Transparent" />
36-->src/main/AndroidManifest.xml:30:13-53
37        <activity
37-->src/main/AndroidManifest.xml:31:9-37:56
38            android:name="com.ringlerr.callplus.CusBDialogActivity"
38-->src/main/AndroidManifest.xml:32:13-47
39            android:allowEmbedded="true"
39-->src/main/AndroidManifest.xml:33:13-41
40            android:documentLaunchMode="always"
40-->src/main/AndroidManifest.xml:34:13-48
41            android:excludeFromRecents="true"
41-->src/main/AndroidManifest.xml:35:13-46
42            android:resizeableActivity="true"
42-->src/main/AndroidManifest.xml:36:13-46
43            android:theme="@style/Theme.Transparent" />
43-->src/main/AndroidManifest.xml:37:13-53
44        <activity
44-->src/main/AndroidManifest.xml:38:9-44:56
45            android:name="com.ringlerr.callplus.CallBackDialogActivity"
45-->src/main/AndroidManifest.xml:39:13-51
46            android:allowEmbedded="true"
46-->src/main/AndroidManifest.xml:40:13-41
47            android:documentLaunchMode="always"
47-->src/main/AndroidManifest.xml:41:13-48
48            android:excludeFromRecents="true"
48-->src/main/AndroidManifest.xml:42:13-46
49            android:resizeableActivity="true"
49-->src/main/AndroidManifest.xml:43:13-46
50            android:theme="@style/Theme.Transparent" />
50-->src/main/AndroidManifest.xml:44:13-53
51        <activity
51-->src/main/AndroidManifest.xml:45:9-51:56
52            android:name="com.ringlerr.callplus.SlideDialogActivity"
52-->src/main/AndroidManifest.xml:46:13-48
53            android:allowEmbedded="true"
53-->src/main/AndroidManifest.xml:47:13-41
54            android:documentLaunchMode="always"
54-->src/main/AndroidManifest.xml:48:13-48
55            android:excludeFromRecents="true"
55-->src/main/AndroidManifest.xml:49:13-46
56            android:resizeableActivity="true"
56-->src/main/AndroidManifest.xml:50:13-46
57            android:theme="@style/Theme.Transparent" />
57-->src/main/AndroidManifest.xml:51:13-53
58        <activity
58-->src/main/AndroidManifest.xml:52:9-58:56
59            android:name="com.ringlerr.callplus.SlideDialogActivityTwo"
59-->src/main/AndroidManifest.xml:53:13-51
60            android:allowEmbedded="true"
60-->src/main/AndroidManifest.xml:54:13-41
61            android:documentLaunchMode="always"
61-->src/main/AndroidManifest.xml:55:13-48
62            android:excludeFromRecents="true"
62-->src/main/AndroidManifest.xml:56:13-46
63            android:resizeableActivity="true"
63-->src/main/AndroidManifest.xml:57:13-46
64            android:theme="@style/Theme.Transparent" />
64-->src/main/AndroidManifest.xml:58:13-53
65        <activity
65-->src/main/AndroidManifest.xml:59:9-65:56
66            android:name="com.ringlerr.callplus.SlideDialogActivityThree"
66-->src/main/AndroidManifest.xml:60:13-53
67            android:allowEmbedded="true"
67-->src/main/AndroidManifest.xml:61:13-41
68            android:documentLaunchMode="always"
68-->src/main/AndroidManifest.xml:62:13-48
69            android:excludeFromRecents="true"
69-->src/main/AndroidManifest.xml:63:13-46
70            android:resizeableActivity="true"
70-->src/main/AndroidManifest.xml:64:13-46
71            android:theme="@style/Theme.Transparent" />
71-->src/main/AndroidManifest.xml:65:13-53
72        <activity
72-->src/main/AndroidManifest.xml:66:9-72:56
73            android:name="com.ringlerr.callplus.SlideDialogActivityImage"
73-->src/main/AndroidManifest.xml:67:13-53
74            android:allowEmbedded="true"
74-->src/main/AndroidManifest.xml:68:13-41
75            android:documentLaunchMode="always"
75-->src/main/AndroidManifest.xml:69:13-48
76            android:excludeFromRecents="true"
76-->src/main/AndroidManifest.xml:70:13-46
77            android:resizeableActivity="true"
77-->src/main/AndroidManifest.xml:71:13-46
78            android:theme="@style/Theme.Transparent" />
78-->src/main/AndroidManifest.xml:72:13-53
79        <activity
79-->src/main/AndroidManifest.xml:73:9-79:56
80            android:name="com.ringlerr.callplus.SlideDialogActivityVideo"
80-->src/main/AndroidManifest.xml:74:13-53
81            android:allowEmbedded="true"
81-->src/main/AndroidManifest.xml:75:13-41
82            android:documentLaunchMode="always"
82-->src/main/AndroidManifest.xml:76:13-48
83            android:excludeFromRecents="true"
83-->src/main/AndroidManifest.xml:77:13-46
84            android:resizeableActivity="true"
84-->src/main/AndroidManifest.xml:78:13-46
85            android:theme="@style/Theme.Transparent" />
85-->src/main/AndroidManifest.xml:79:13-53
86
87        <receiver
87-->src/main/AndroidManifest.xml:81:9-84:39
88            android:name="com.ringlerr.callplus.NotificationReceiver"
88-->src/main/AndroidManifest.xml:82:13-49
89            android:enabled="true"
89-->src/main/AndroidManifest.xml:83:13-35
90            android:exported="true" />
90-->src/main/AndroidManifest.xml:84:13-36
91
92        <activity
92-->src/main/AndroidManifest.xml:86:9-92:56
93            android:name="com.ringlerr.callplus.DialogActivity"
93-->src/main/AndroidManifest.xml:87:13-43
94            android:allowEmbedded="true"
94-->src/main/AndroidManifest.xml:88:13-41
95            android:documentLaunchMode="always"
95-->src/main/AndroidManifest.xml:89:13-48
96            android:excludeFromRecents="true"
96-->src/main/AndroidManifest.xml:90:13-46
97            android:resizeableActivity="true"
97-->src/main/AndroidManifest.xml:91:13-46
98            android:theme="@style/Theme.Transparent" />
98-->src/main/AndroidManifest.xml:92:13-53
99
100        <receiver
100-->src/main/AndroidManifest.xml:94:9-97:48
101            android:name="com.ringlerr.callplus.PhonecallReceiver"
101-->src/main/AndroidManifest.xml:95:13-67
102            android:enabled="true"
102-->src/main/AndroidManifest.xml:96:13-35
103            android:exported="true" />
103-->src/main/AndroidManifest.xml:97:13-36
104
105        <!-- This part is inside the application -->
106        <receiver
106-->src/main/AndroidManifest.xml:100:9-107:20
107            android:name="com.ringlerr.callplus.CallReceiver"
107-->src/main/AndroidManifest.xml:100:19-68
108            android:enabled="true" >
108-->src/main/AndroidManifest.xml:100:69-91
109            <intent-filter>
109-->src/main/AndroidManifest.xml:101:13-103:29
110                <action android:name="android.intent.action.PHONE_STATE" />
110-->src/main/AndroidManifest.xml:102:17-76
110-->src/main/AndroidManifest.xml:102:25-73
111            </intent-filter>
112            <intent-filter>
112-->src/main/AndroidManifest.xml:104:13-106:29
113                <action android:name="android.intent.action.NEW_OUTGOING_CALL" />
113-->src/main/AndroidManifest.xml:105:17-82
113-->src/main/AndroidManifest.xml:105:25-79
114            </intent-filter>
115        </receiver>
116    </application>
117
118</manifest>